<?xml version="1.0" encoding="UTF-8"?>
<testsuites name="Save Tokens" time="51" tests="3" failures="0" errors="0">
   <testsuite name="Save Tokens" tests="3" failures="0" errors="0" time="51" timestamp="2018-06-27 12:28:43" hostname="aldo - 10.2.20.29" id="Test Suites/Save Tokens">
      <properties>
         <property name="deviceName" value=""/>
         <property name="devicePlatform" value=""/>
         <property name="logFolder" value="/Users/aldo/Katalon Studio/Checkout/Reports/Save Tokens/20180627_122842"/>
         <property name="logFiles" value="/Users/aldo/Katalon Studio/Checkout/Reports/Save Tokens/20180627_122842/execution0.log"/>
         <property name="attachments" value=""/>
         <property name="hostName" value="aldo - 10.2.20.29"/>
         <property name="os" value="Mac OS X 64bit"/>
         <property name="katalonVersion" value="5.4.2.1"/>
         <property name="browser" value="Chrome 67.0.3396.99"/>
         <property name="hostAddress" value="10.2.20.29"/>
         <property name="sessionId" value="69a9733a8ecf62f269cdf928277a85f1"/>
         <property name="seleniumVersion" value="3.7.1"/>
         <property name="proxyInformation" value="ProxyInformation{proxyOption=NO_PROXY, proxyServerType=HTTP, password=, proxyServerAddress=, proxyServerPort=0}"/>
         <property name="platform" value="Mac OS X"/>
      </properties>
      <testcase name="Test Cases/Add CC" classname="Test Cases/Add CC" status="PASSED">
         <system-out><![CDATA[2018-06-27 12:28:43 - [TEST_CASE][PASSED] - Test Cases/Add CC: Test Cases/Add CC

2018-06-27 12:28:43 - [TEST_STEP][PASSED] - openBrowser: Browser is opened with url: ''

2018-06-27 12:28:45 - [MESSAGE][PASSED] - Browser is opened with url: ''

2018-06-27 12:28:45 - [TEST_STEP][PASSED] - navigateToUrl: Navigate to 'http://localhost:8000/?page_id=58' successfully

2018-06-27 12:28:46 - [MESSAGE][PASSED] - Navigate to 'http://localhost:8000/?page_id=58' successfully

2018-06-27 12:28:46 - [TEST_STEP][PASSED] - setText: Text 'aldo' is set on object 'Object Repository/Page_My Account  MyWordpress/input_username'

2018-06-27 12:28:47 - [MESSAGE][PASSED] - Text 'aldo' is set on object 'Object Repository/Page_My Account  MyWordpress/input_username'

2018-06-27 12:28:47 - [TEST_STEP][PASSED] - setText: Text '123Qaz' is set on object 'Object Repository/Page_My Account  MyWordpress/input_password'

2018-06-27 12:28:47 - [MESSAGE][PASSED] - Text '123Qaz' is set on object 'Object Repository/Page_My Account  MyWordpress/input_password'

2018-06-27 12:28:47 - [TEST_STEP][PASSED] - click: Object: 'Object Repository/Page_My Account  MyWordpress/input_login' is clicked on

2018-06-27 12:28:47 - [MESSAGE][PASSED] - Object: 'Object Repository/Page_My Account  MyWordpress/input_login' is clicked on

2018-06-27 12:28:47 - [TEST_STEP][PASSED] - click: Object: 'Object Repository/Page_My Account  MyWordpress/a_Payment methods' is clicked on

2018-06-27 12:28:48 - [MESSAGE][PASSED] - Object: 'Object Repository/Page_My Account  MyWordpress/a_Payment methods' is clicked on

2018-06-27 12:28:48 - [TEST_STEP][PASSED] - click: Object: 'Object Repository/Page_My Account  MyWordpress/a_Add payment method' is clicked on

2018-06-27 12:28:48 - [MESSAGE][PASSED] - Object: 'Object Repository/Page_My Account  MyWordpress/a_Add payment method' is clicked on

2018-06-27 12:28:48 - [TEST_STEP][PASSED] - click: Object: 'Object Repository/Page_My Account  MyWordpress/input_place_order' is clicked on

2018-06-27 12:28:50 - [MESSAGE][PASSED] - Object: 'Object Repository/Page_My Account  MyWordpress/input_place_order' is clicked on

2018-06-27 12:28:50 - [TEST_STEP][PASSED] - setText: Text 'avaldez@paystand.com' is set on object 'Object Repository/Page_My Account  MyWordpress/input_payer_email'

2018-06-27 12:28:51 - [MESSAGE][PASSED] - Text 'avaldez@paystand.com' is set on object 'Object Repository/Page_My Account  MyWordpress/input_payer_email'

2018-06-27 12:28:51 - [TEST_STEP][PASSED] - click: Object: 'Object Repository/Page_My Account  MyWordpress/button_Card' is clicked on

2018-06-27 12:28:52 - [MESSAGE][PASSED] - Object: 'Object Repository/Page_My Account  MyWordpress/button_Card' is clicked on

2018-06-27 12:28:52 - [TEST_STEP][PASSED] - setText: Text 'ALDO' is set on object 'Object Repository/Page_My Account  MyWordpress/input_card_name'

2018-06-27 12:28:52 - [MESSAGE][PASSED] - Text 'ALDO' is set on object 'Object Repository/Page_My Account  MyWordpress/input_card_name'

2018-06-27 12:28:52 - [TEST_STEP][PASSED] - setText: Text '4242 4242 4242 4242' is set on object 'Object Repository/Page_My Account  MyWordpress/input_card_number'

2018-06-27 12:28:52 - [MESSAGE][PASSED] - Text '4242 4242 4242 4242' is set on object 'Object Repository/Page_My Account  MyWordpress/input_card_number'

2018-06-27 12:28:52 - [TEST_STEP][PASSED] - setText: Text '12 / 21' is set on object 'Object Repository/Page_My Account  MyWordpress/input_card_expiry'

2018-06-27 12:28:53 - [MESSAGE][PASSED] - Text '12 / 21' is set on object 'Object Repository/Page_My Account  MyWordpress/input_card_expiry'

2018-06-27 12:28:53 - [TEST_STEP][PASSED] - setText: Text '123' is set on object 'Object Repository/Page_My Account  MyWordpress/input_card_security_code'

2018-06-27 12:28:53 - [MESSAGE][PASSED] - Text '123' is set on object 'Object Repository/Page_My Account  MyWordpress/input_card_security_code'

2018-06-27 12:28:53 - [TEST_STEP][PASSED] - click: Object: 'Object Repository/Page_My Account  MyWordpress/button_Enter Billing Informati' is clicked on

2018-06-27 12:28:53 - [MESSAGE][PASSED] - Object: 'Object Repository/Page_My Account  MyWordpress/button_Enter Billing Informati' is clicked on

2018-06-27 12:28:53 - [TEST_STEP][PASSED] - setText: Text 'street' is set on object 'Object Repository/Page_My Account  MyWordpress/input_address_street'

2018-06-27 12:28:53 - [MESSAGE][PASSED] - Text 'street' is set on object 'Object Repository/Page_My Account  MyWordpress/input_address_street'

2018-06-27 12:28:53 - [TEST_STEP][PASSED] - setText: Text 'guadalajara' is set on object 'Object Repository/Page_My Account  MyWordpress/input_address_city'

2018-06-27 12:28:53 - [MESSAGE][PASSED] - Text 'guadalajara' is set on object 'Object Repository/Page_My Account  MyWordpress/input_address_city'

2018-06-27 12:28:53 - [TEST_STEP][PASSED] - setText: Text '62000' is set on object 'Object Repository/Page_My Account  MyWordpress/input_address_postal'

2018-06-27 12:28:54 - [MESSAGE][PASSED] - Text '62000' is set on object 'Object Repository/Page_My Account  MyWordpress/input_address_postal'

2018-06-27 12:28:54 - [TEST_STEP][PASSED] - click: Object: 'Object Repository/Page_My Account  MyWordpress/input_address_state' is clicked on

2018-06-27 12:28:54 - [MESSAGE][PASSED] - Object: 'Object Repository/Page_My Account  MyWordpress/input_address_state' is clicked on

2018-06-27 12:28:54 - [TEST_STEP][PASSED] - setText: Text 'alabama' is set on object 'Object Repository/Page_My Account  MyWordpress/input_address_state'

2018-06-27 12:28:54 - [MESSAGE][PASSED] - Text 'alabama' is set on object 'Object Repository/Page_My Account  MyWordpress/input_address_state'

2018-06-27 12:28:54 - [TEST_STEP][PASSED] - click: Object: 'Object Repository/Page_My Account  MyWordpress/li_Alabama' is clicked on

2018-06-27 12:28:54 - [MESSAGE][PASSED] - Object: 'Object Repository/Page_My Account  MyWordpress/li_Alabama' is clicked on

2018-06-27 12:28:54 - [TEST_STEP][PASSED] - click: Object: 'Object Repository/Page_My Account  MyWordpress/button_Save  Card For Future P' is clicked on

2018-06-27 12:28:54 - [MESSAGE][PASSED] - Object: 'Object Repository/Page_My Account  MyWordpress/button_Save  Card For Future P' is clicked on

2018-06-27 12:28:54 - [TEST_STEP][PASSED] - click: Object: 'Object Repository/Page_My Account  MyWordpress/a_Logout' is clicked on

2018-06-27 12:28:55 - [MESSAGE][PASSED] - Object: 'Object Repository/Page_My Account  MyWordpress/a_Logout' is clicked on

2018-06-27 12:28:55 - [TEST_STEP][PASSED] - closeBrowser: Browser is closed

2018-06-27 12:28:55 - [MESSAGE][PASSED] - Browser is closed]]></system-out>
         <system-err><![CDATA[]]></system-err>
      </testcase>
      <testcase name="Test Cases/Add ACH" classname="Test Cases/Add ACH" status="PASSED">
         <system-out><![CDATA[2018-06-27 12:28:55 - [TEST_CASE][PASSED] - Test Cases/Add ACH: Test Cases/Add ACH

2018-06-27 12:28:56 - [TEST_STEP][PASSED] - openBrowser: Browser is opened with url: ''

2018-06-27 12:28:56 - [MESSAGE][PASSED] - Browser is opened with url: ''

2018-06-27 12:28:56 - [TEST_STEP][PASSED] - navigateToUrl: Navigate to 'http://localhost:8000/?page_id=58' successfully

2018-06-27 12:28:57 - [MESSAGE][PASSED] - Navigate to 'http://localhost:8000/?page_id=58' successfully

2018-06-27 12:28:57 - [TEST_STEP][PASSED] - setText: Text 'aldo' is set on object 'Object Repository/Page_My Account  MyWordpress (5)/input_username'

2018-06-27 12:28:57 - [MESSAGE][PASSED] - Text 'aldo' is set on object 'Object Repository/Page_My Account  MyWordpress (5)/input_username'

2018-06-27 12:28:57 - [TEST_STEP][PASSED] - setText: Text '123Qaz' is set on object 'Object Repository/Page_My Account  MyWordpress (5)/input_password'

2018-06-27 12:28:57 - [MESSAGE][PASSED] - Text '123Qaz' is set on object 'Object Repository/Page_My Account  MyWordpress (5)/input_password'

2018-06-27 12:28:57 - [TEST_STEP][PASSED] - click: Object: 'Object Repository/Page_My Account  MyWordpress (5)/input_login' is clicked on

2018-06-27 12:28:58 - [MESSAGE][PASSED] - Object: 'Object Repository/Page_My Account  MyWordpress (5)/input_login' is clicked on

2018-06-27 12:28:58 - [TEST_STEP][PASSED] - click: Object: 'Object Repository/Page_My Account  MyWordpress (5)/a_Payment methods' is clicked on

2018-06-27 12:28:59 - [MESSAGE][PASSED] - Object: 'Object Repository/Page_My Account  MyWordpress (5)/a_Payment methods' is clicked on

2018-06-27 12:28:59 - [TEST_STEP][PASSED] - click: Object: 'Object Repository/Page_My Account  MyWordpress (5)/a_Add payment method' is clicked on

2018-06-27 12:28:59 - [MESSAGE][PASSED] - Object: 'Object Repository/Page_My Account  MyWordpress (5)/a_Add payment method' is clicked on

2018-06-27 12:28:59 - [TEST_STEP][PASSED] - click: Object: 'Object Repository/Page_My Account  MyWordpress (5)/input_place_order' is clicked on

2018-06-27 12:29:01 - [MESSAGE][PASSED] - Object: 'Object Repository/Page_My Account  MyWordpress (5)/input_place_order' is clicked on

2018-06-27 12:29:01 - [TEST_STEP][PASSED] - setText: Text 'aldo@paystand.com' is set on object 'Object Repository/Page_My Account  MyWordpress (5)/input_payer_email'

2018-06-27 12:29:02 - [MESSAGE][PASSED] - Text 'aldo@paystand.com' is set on object 'Object Repository/Page_My Account  MyWordpress (5)/input_payer_email'

2018-06-27 12:29:02 - [TEST_STEP][PASSED] - click: Object: 'Object Repository/Page_My Account  MyWordpress (5)/button_ACH' is clicked on

2018-06-27 12:29:02 - [MESSAGE][PASSED] - Object: 'Object Repository/Page_My Account  MyWordpress (5)/button_ACH' is clicked on

2018-06-27 12:29:02 - [TEST_STEP][PASSED] - setText: Text 'ALDO' is set on object 'Object Repository/Page_My Account  MyWordpress (5)/input_bank_name_on_account'

2018-06-27 12:29:03 - [MESSAGE][PASSED] - Text 'ALDO' is set on object 'Object Repository/Page_My Account  MyWordpress (5)/input_bank_name_on_account'

2018-06-27 12:29:03 - [TEST_STEP][PASSED] - click: Object: 'Object Repository/Page_My Account  MyWordpress (5)/md-select-value_Individual' is clicked on

2018-06-27 12:29:03 - [MESSAGE][PASSED] - Object: 'Object Repository/Page_My Account  MyWordpress (5)/md-select-value_Individual' is clicked on

2018-06-27 12:29:03 - [TEST_STEP][PASSED] - click: Object: 'Object Repository/Page_My Account  MyWordpress (5)/md-option_Individual' is clicked on

2018-06-27 12:29:03 - [MESSAGE][PASSED] - Object: 'Object Repository/Page_My Account  MyWordpress (5)/md-option_Individual' is clicked on

2018-06-27 12:29:03 - [TEST_STEP][PASSED] - setText: Text '110000000' is set on object 'Object Repository/Page_My Account  MyWordpress (5)/input_bank_routing_number'

2018-06-27 12:29:03 - [MESSAGE][PASSED] - Text '110000000' is set on object 'Object Repository/Page_My Account  MyWordpress (5)/input_bank_routing_number'

2018-06-27 12:29:03 - [TEST_STEP][PASSED] - setText: Text '000123456789' is set on object 'Object Repository/Page_My Account  MyWordpress (5)/input_bank_account_number'

2018-06-27 12:29:03 - [MESSAGE][PASSED] - Text '000123456789' is set on object 'Object Repository/Page_My Account  MyWordpress (5)/input_bank_account_number'

2018-06-27 12:29:03 - [TEST_STEP][PASSED] - setText: Text '000123456789' is set on object 'Object Repository/Page_My Account  MyWordpress (5)/input_bank_account_number_repe'

2018-06-27 12:29:04 - [MESSAGE][PASSED] - Text '000123456789' is set on object 'Object Repository/Page_My Account  MyWordpress (5)/input_bank_account_number_repe'

2018-06-27 12:29:04 - [TEST_STEP][PASSED] - click: Object: 'Object Repository/Page_My Account  MyWordpress (5)/button_Enter Billing Informati' is clicked on

2018-06-27 12:29:04 - [MESSAGE][PASSED] - Object: 'Object Repository/Page_My Account  MyWordpress (5)/button_Enter Billing Informati' is clicked on

2018-06-27 12:29:04 - [TEST_STEP][PASSED] - setText: Text 'street' is set on object 'Object Repository/Page_My Account  MyWordpress (5)/input_address_street'

2018-06-27 12:29:04 - [MESSAGE][PASSED] - Text 'street' is set on object 'Object Repository/Page_My Account  MyWordpress (5)/input_address_street'

2018-06-27 12:29:04 - [TEST_STEP][PASSED] - setText: Text 'guadalajara' is set on object 'Object Repository/Page_My Account  MyWordpress (5)/input_address_city'

2018-06-27 12:29:04 - [MESSAGE][PASSED] - Text 'guadalajara' is set on object 'Object Repository/Page_My Account  MyWordpress (5)/input_address_city'

2018-06-27 12:29:04 - [TEST_STEP][PASSED] - setText: Text '62000' is set on object 'Object Repository/Page_My Account  MyWordpress (5)/input_address_postal'

2018-06-27 12:29:05 - [MESSAGE][PASSED] - Text '62000' is set on object 'Object Repository/Page_My Account  MyWordpress (5)/input_address_postal'

2018-06-27 12:29:05 - [TEST_STEP][PASSED] - setText: Text 'Alabama' is set on object 'Object Repository/Page_My Account  MyWordpress (5)/input_address_state'

2018-06-27 12:29:05 - [MESSAGE][PASSED] - Text 'Alabama' is set on object 'Object Repository/Page_My Account  MyWordpress (5)/input_address_state'

2018-06-27 12:29:05 - [TEST_STEP][PASSED] - sendKeys: Keys 'ENTER + ' sent to object: 'Object Repository/Page_My Account  MyWordpress (5)/input_address_state'

2018-06-27 12:29:05 - [MESSAGE][PASSED] - Keys 'ENTER + ' sent to object: 'Object Repository/Page_My Account  MyWordpress (5)/input_address_state'

2018-06-27 12:29:05 - [TEST_STEP][PASSED] - click: Object: 'Object Repository/Page_My Account  MyWordpress (5)/button_Save  Bank For Future P' is clicked on

2018-06-27 12:29:05 - [MESSAGE][PASSED] - Object: 'Object Repository/Page_My Account  MyWordpress (5)/button_Save  Bank For Future P' is clicked on

2018-06-27 12:29:05 - [TEST_STEP][PASSED] - click: Object: 'Object Repository/Page_My Account  MyWordpress (5)/a_Logout' is clicked on

2018-06-27 12:29:06 - [MESSAGE][PASSED] - Object: 'Object Repository/Page_My Account  MyWordpress (5)/a_Logout' is clicked on

2018-06-27 12:29:06 - [TEST_STEP][PASSED] - closeBrowser: Browser is closed

2018-06-27 12:29:06 - [MESSAGE][PASSED] - Browser is closed]]></system-out>
         <system-err><![CDATA[]]></system-err>
      </testcase>
      <testcase name="Test Cases/Add Bank Account" classname="Test Cases/Add Bank Account" status="PASSED">
         <system-out><![CDATA[2018-06-27 12:29:06 - [TEST_CASE][PASSED] - Test Cases/Add Bank Account: Test Cases/Add Bank Account

2018-06-27 12:29:06 - [TEST_STEP][PASSED] - openBrowser: Browser is opened with url: ''

2018-06-27 12:29:07 - [MESSAGE][PASSED] - Browser is opened with url: ''

2018-06-27 12:29:07 - [TEST_STEP][PASSED] - navigateToUrl: Navigate to 'http://localhost:8000/?page_id=58' successfully

2018-06-27 12:29:08 - [MESSAGE][PASSED] - Navigate to 'http://localhost:8000/?page_id=58' successfully

2018-06-27 12:29:08 - [TEST_STEP][PASSED] - setText: Text 'aldo' is set on object 'Object Repository/Page_My Account  MyWordpress (4)/input_username'

2018-06-27 12:29:08 - [MESSAGE][PASSED] - Text 'aldo' is set on object 'Object Repository/Page_My Account  MyWordpress (4)/input_username'

2018-06-27 12:29:08 - [TEST_STEP][PASSED] - setText: Text '123Qaz' is set on object 'Object Repository/Page_My Account  MyWordpress (3)/input_password'

2018-06-27 12:29:08 - [MESSAGE][PASSED] - Text '123Qaz' is set on object 'Object Repository/Page_My Account  MyWordpress (3)/input_password'

2018-06-27 12:29:08 - [TEST_STEP][PASSED] - sendKeys: Keys 'ENTER + ' sent to object: 'Object Repository/Page_My Account  MyWordpress (3)/input_login'

2018-06-27 12:29:09 - [MESSAGE][PASSED] - Keys 'ENTER + ' sent to object: 'Object Repository/Page_My Account  MyWordpress (3)/input_login'

2018-06-27 12:29:09 - [TEST_STEP][PASSED] - click: Object: 'Object Repository/Page_My Account  MyWordpress (3)/a_Payment methods' is clicked on

2018-06-27 12:29:09 - [MESSAGE][PASSED] - Object: 'Object Repository/Page_My Account  MyWordpress (3)/a_Payment methods' is clicked on

2018-06-27 12:29:09 - [TEST_STEP][PASSED] - click: Object: 'Object Repository/Page_My Account  MyWordpress (3)/a_Add payment method' is clicked on

2018-06-27 12:29:10 - [MESSAGE][PASSED] - Object: 'Object Repository/Page_My Account  MyWordpress (3)/a_Add payment method' is clicked on

2018-06-27 12:29:10 - [TEST_STEP][PASSED] - click: Object: 'Object Repository/Page_My Account  MyWordpress (3)/input_place_order' is clicked on

2018-06-27 12:29:12 - [MESSAGE][PASSED] - Object: 'Object Repository/Page_My Account  MyWordpress (3)/input_place_order' is clicked on

2018-06-27 12:29:12 - [TEST_STEP][PASSED] - setText: Text 'aldo@pays.com' is set on object 'Object Repository/Page_My Account  MyWordpress (3)/input_payer_email'

2018-06-27 12:29:13 - [MESSAGE][PASSED] - Text 'aldo@pays.com' is set on object 'Object Repository/Page_My Account  MyWordpress (3)/input_payer_email'

2018-06-27 12:29:13 - [TEST_STEP][PASSED] - click: Object: 'Object Repository/Page_My Account  MyWordpress (3)/div_logo-link  bofa-link' is clicked on

2018-06-27 12:29:14 - [MESSAGE][PASSED] - Object: 'Object Repository/Page_My Account  MyWordpress (3)/div_logo-link  bofa-link' is clicked on

2018-06-27 12:29:14 - [TEST_STEP][PASSED] - setText: Text 'paystand_test' is set on object 'Object Repository/Page_My Account  MyWordpress (3)/input_login_username'

2018-06-27 12:29:14 - [MESSAGE][PASSED] - Text 'paystand_test' is set on object 'Object Repository/Page_My Account  MyWordpress (3)/input_login_username'

2018-06-27 12:29:14 - [TEST_STEP][PASSED] - setText: Text 'paystand_good' is set on object 'Object Repository/Page_My Account  MyWordpress (3)/input_login_password'

2018-06-27 12:29:14 - [MESSAGE][PASSED] - Text 'paystand_good' is set on object 'Object Repository/Page_My Account  MyWordpress (3)/input_login_password'

2018-06-27 12:29:14 - [TEST_STEP][PASSED] - sendKeys: Keys 'ENTER + ' sent to object: 'Object Repository/Page_My Account  MyWordpress (3)/button_Secure Login'

2018-06-27 12:29:15 - [MESSAGE][PASSED] - Keys 'ENTER + ' sent to object: 'Object Repository/Page_My Account  MyWordpress (3)/button_Secure Login'

2018-06-27 12:29:15 - [TEST_STEP][PASSED] - setText: Text 'tomato' is set on object 'Object Repository/Page_My Account  MyWordpress (3)/input_mfa_answer_'

2018-06-27 12:29:18 - [MESSAGE][PASSED] - Text 'tomato' is set on object 'Object Repository/Page_My Account  MyWordpress (3)/input_mfa_answer_'

2018-06-27 12:29:18 - [TEST_STEP][PASSED] - sendKeys: Keys 'ENTER + ' sent to object: 'Object Repository/Page_My Account  MyWordpress (3)/button_Submit Answers'

2018-06-27 12:29:18 - [MESSAGE][PASSED] - Keys 'ENTER + ' sent to object: 'Object Repository/Page_My Account  MyWordpress (3)/button_Submit Answers'

2018-06-27 12:29:18 - [TEST_STEP][PASSED] - setText: Text 'aldo' is set on object 'Object Repository/Page_My Account  MyWordpress (3)/input_mfa_answer_nameOnAccount'

2018-06-27 12:29:20 - [MESSAGE][PASSED] - Text 'aldo' is set on object 'Object Repository/Page_My Account  MyWordpress (3)/input_mfa_answer_nameOnAccount'

2018-06-27 12:29:20 - [TEST_STEP][PASSED] - click: Object: 'Object Repository/Page_My Account  MyWordpress (3)/Page_My Account  MyWordpress/md-select_mfa_answer_accountHo' is clicked on

2018-06-27 12:29:20 - [MESSAGE][PASSED] - Object: 'Object Repository/Page_My Account  MyWordpress (3)/Page_My Account  MyWordpress/md-select_mfa_answer_accountHo' is clicked on

2018-06-27 12:29:20 - [TEST_STEP][PASSED] - click: Object: 'Object Repository/Page_My Account  MyWordpress (3)/md-option_individual' is clicked on

2018-06-27 12:29:20 - [MESSAGE][PASSED] - Object: 'Object Repository/Page_My Account  MyWordpress (3)/md-option_individual' is clicked on

2018-06-27 12:29:20 - [TEST_STEP][PASSED] - sendKeys: Keys 'ENTER + ' sent to object: 'Object Repository/Page_My Account  MyWordpress (3)/button_Submit Answers'

2018-06-27 12:29:21 - [MESSAGE][PASSED] - Keys 'ENTER + ' sent to object: 'Object Repository/Page_My Account  MyWordpress (3)/button_Submit Answers'

2018-06-27 12:29:21 - [TEST_STEP][PASSED] - click: Object: 'Object Repository/Page_My Account  MyWordpress (3)/div_md-off' is clicked on

2018-06-27 12:29:22 - [MESSAGE][PASSED] - Object: 'Object Repository/Page_My Account  MyWordpress (3)/div_md-off' is clicked on

2018-06-27 12:29:22 - [TEST_STEP][PASSED] - click: Object: 'Object Repository/Page_My Account  MyWordpress (3)/button_Select Fund' is clicked on

2018-06-27 12:29:23 - [MESSAGE][PASSED] - Object: 'Object Repository/Page_My Account  MyWordpress (3)/button_Select Fund' is clicked on

2018-06-27 12:29:23 - [TEST_STEP][PASSED] - doubleClick: Object: 'Object Repository/Page_My Account  MyWordpress (3)/input_address_street' is double clicked on

2018-06-27 12:29:23 - [MESSAGE][PASSED] - Object: 'Object Repository/Page_My Account  MyWordpress (3)/input_address_street' is double clicked on

2018-06-27 12:29:23 - [TEST_STEP][PASSED] - setText: Text 'street' is set on object 'Object Repository/Page_My Account  MyWordpress (3)/input_address_street'

2018-06-27 12:29:23 - [MESSAGE][PASSED] - Text 'street' is set on object 'Object Repository/Page_My Account  MyWordpress (3)/input_address_street'

2018-06-27 12:29:23 - [TEST_STEP][PASSED] - setText: Text 'guadalajara' is set on object 'Object Repository/Page_My Account  MyWordpress (3)/input_address_city'

2018-06-27 12:29:23 - [MESSAGE][PASSED] - Text 'guadalajara' is set on object 'Object Repository/Page_My Account  MyWordpress (3)/input_address_city'

2018-06-27 12:29:23 - [TEST_STEP][PASSED] - setText: Text '62000' is set on object 'Object Repository/Page_My Account  MyWordpress (3)/input_address_postal'

2018-06-27 12:29:23 - [MESSAGE][PASSED] - Text '62000' is set on object 'Object Repository/Page_My Account  MyWordpress (3)/input_address_postal'

2018-06-27 12:29:23 - [TEST_STEP][PASSED] - setText: Text 'Alabama' is set on object 'Object Repository/Page_My Account  MyWordpress (3)/input_address_state'

2018-06-27 12:29:24 - [MESSAGE][PASSED] - Text 'Alabama' is set on object 'Object Repository/Page_My Account  MyWordpress (3)/input_address_state'

2018-06-27 12:29:24 - [TEST_STEP][PASSED] - click: Object: 'Object Repository/Page_My Account  MyWordpress (3)/button_Save  Bank For Future P' is clicked on

2018-06-27 12:29:24 - [MESSAGE][PASSED] - Object: 'Object Repository/Page_My Account  MyWordpress (3)/button_Save  Bank For Future P' is clicked on

2018-06-27 12:29:24 - [TEST_STEP][PASSED] - delay: Delayed 10 second(s)

2018-06-27 12:29:34 - [MESSAGE][PASSED] - Delayed 10 second(s)

2018-06-27 12:29:34 - [TEST_STEP][PASSED] - click: Object: 'Object Repository/Page_My Account  MyWordpress (3)/a_Logout' is clicked on

2018-06-27 12:29:35 - [MESSAGE][PASSED] - Object: 'Object Repository/Page_My Account  MyWordpress (3)/a_Logout' is clicked on

2018-06-27 12:29:35 - [TEST_STEP][PASSED] - closeBrowser: Browser is closed

2018-06-27 12:29:35 - [MESSAGE][PASSED] - Browser is closed]]></system-out>
         <system-err><![CDATA[]]></system-err>
      </testcase>
      <system-out><![CDATA[2018-06-27 12:28:43 - [TEST_SUITE][PASSED] - Save Tokens: Test Cases/Add Bank Account]]></system-out>
      <system-err><![CDATA[]]></system-err>
   </testsuite>
</testsuites>
