<?xml version="1.0" encoding="UTF-8"?>
<testsuites name="LoadTest" time="59" tests="1" failures="0" errors="0">
   <testsuite name="LoadTest" tests="1" failures="0" errors="0" time="59" timestamp="2018-06-20 15:06:38" hostname="aldo - 10.2.20.110" id="Test Suites/LoadTest">
      <properties>
         <property name="deviceName" value=""/>
         <property name="devicePlatform" value=""/>
         <property name="logFolder" value="/Users/aldo/Katalon Studio/Checkout/Reports/LoadTest/20180620_150636"/>
         <property name="logFiles" value="/Users/aldo/Katalon Studio/Checkout/Reports/LoadTest/20180620_150636/execution0.log"/>
         <property name="attachments" value=""/>
         <property name="hostName" value="aldo - 10.2.20.110"/>
         <property name="os" value="Mac OS X 64bit"/>
         <property name="katalonVersion" value="5.4.2.1"/>
         <property name="browser" value="Chrome 67.0.3396.87"/>
         <property name="hostAddress" value="10.2.20.110"/>
         <property name="sessionId" value="13f91c680f32db2e6df102544397ef4f"/>
         <property name="seleniumVersion" value="3.7.1"/>
         <property name="proxyInformation" value="ProxyInformation{proxyOption=NO_PROXY, proxyServerType=HTTP, password=, proxyServerAddress=, proxyServerPort=0}"/>
         <property name="platform" value="Mac OS X"/>
      </properties>
      <testcase name="Test Cases/Create Order" classname="Test Cases/Create Order" status="PASSED">
         <system-out><![CDATA[2018-06-20 15:06:38 - [TEST_CASE][PASSED] - Test Cases/Create Order: Test Cases/Create Order

2018-06-20 15:06:39 - [TEST_STEP][PASSED] - openBrowser: Browser is opened with url: ''

2018-06-20 15:06:41 - [MESSAGE][PASSED] - Browser is opened with url: ''

2018-06-20 15:06:41 - [TEST_STEP][PASSED] - navigateToUrl: Navigate to 'http://wordpress.paystand.ml/shop/' successfully

2018-06-20 15:06:42 - [MESSAGE][PASSED] - Navigate to 'http://wordpress.paystand.ml/shop/' successfully

2018-06-20 15:06:42 - [TEST_STEP][PASSED] - click: Object: 'Object Repository/Page_Products  Casa Bonita/a_Add to cart' is clicked on

2018-06-20 15:06:42 - [MESSAGE][PASSED] - Object: 'Object Repository/Page_Products  Casa Bonita/a_Add to cart' is clicked on

2018-06-20 15:06:42 - [TEST_STEP][PASSED] - delay: Delayed 5 second(s)

2018-06-20 15:06:47 - [MESSAGE][PASSED] - Delayed 5 second(s)

2018-06-20 15:06:47 - [TEST_STEP][PASSED] - click: Object: 'Object Repository/Page_Products  Casa Bonita/a_View cart' is clicked on

2018-06-20 15:06:47 - [MESSAGE][PASSED] - Object: 'Object Repository/Page_Products  Casa Bonita/a_View cart' is clicked on

2018-06-20 15:06:47 - [TEST_STEP][PASSED] - click: Object: 'Object Repository/Page_Cart  Casa Bonita/a_Proceed to checkout' is clicked on

2018-06-20 15:06:48 - [MESSAGE][PASSED] - Object: 'Object Repository/Page_Cart  Casa Bonita/a_Proceed to checkout' is clicked on

2018-06-20 15:06:48 - [TEST_STEP][PASSED] - delay: Delayed 5 second(s)

2018-06-20 15:06:53 - [MESSAGE][PASSED] - Delayed 5 second(s)

2018-06-20 15:06:53 - [TEST_STEP][PASSED] - setText: Text 'ALDO' is set on object 'Object Repository/Page_Checkout  Casa Bonita/input_billing_first_name'

2018-06-20 15:06:53 - [MESSAGE][PASSED] - Text 'ALDO' is set on object 'Object Repository/Page_Checkout  Casa Bonita/input_billing_first_name'

2018-06-20 15:06:53 - [TEST_STEP][PASSED] - setText: Text 'VALDEZ' is set on object 'Object Repository/Page_Checkout  Casa Bonita/input_billing_last_name'

2018-06-20 15:06:53 - [MESSAGE][PASSED] - Text 'VALDEZ' is set on object 'Object Repository/Page_Checkout  Casa Bonita/input_billing_last_name'

2018-06-20 15:06:53 - [TEST_STEP][PASSED] - setText: Text 'PAYSTAND' is set on object 'Object Repository/Page_Checkout  Casa Bonita/input_billing_company'

2018-06-20 15:06:53 - [MESSAGE][PASSED] - Text 'PAYSTAND' is set on object 'Object Repository/Page_Checkout  Casa Bonita/input_billing_company'

2018-06-20 15:06:53 - [TEST_STEP][PASSED] - setText: Text 'STREET' is set on object 'Object Repository/Page_Checkout  Casa Bonita/input_billing_address_1'

2018-06-20 15:06:53 - [MESSAGE][PASSED] - Text 'STREET' is set on object 'Object Repository/Page_Checkout  Casa Bonita/input_billing_address_1'

2018-06-20 15:06:53 - [TEST_STEP][PASSED] - setText: Text 'GUADALAJARA' is set on object 'Object Repository/Page_Checkout  Casa Bonita/input_billing_city'

2018-06-20 15:06:53 - [MESSAGE][PASSED] - Text 'GUADALAJARA' is set on object 'Object Repository/Page_Checkout  Casa Bonita/input_billing_city'

2018-06-20 15:06:53 - [TEST_STEP][PASSED] - click: Object: 'Object Repository/Page_Checkout  Casa Bonita/span_select2-selection select2' is clicked on

2018-06-20 15:06:54 - [MESSAGE][PASSED] - Object: 'Object Repository/Page_Checkout  Casa Bonita/span_select2-selection select2' is clicked on

2018-06-20 15:06:54 - [TEST_STEP][PASSED] - sendKeys: Keys 'JALISCO' sent to object: 'tempBody'

2018-06-20 15:06:54 - [MESSAGE][WARNING] - Test object id is null

2018-06-20 15:06:54 - [MESSAGE][WARNING] - Test object with id 'Object Repository/' does not exist

2018-06-20 15:06:54 - [MESSAGE][PASSED] - Keys 'JALISCO' sent to object: 'tempBody'

2018-06-20 15:06:54 - [TEST_STEP][PASSED] - click: Object: 'Object Repository/Page_Checkout  Casa Bonita/li_Jalisco' is clicked on

2018-06-20 15:06:54 - [MESSAGE][PASSED] - Object: 'Object Repository/Page_Checkout  Casa Bonita/li_Jalisco' is clicked on

2018-06-20 15:06:54 - [TEST_STEP][PASSED] - setText: Text '42000' is set on object 'Object Repository/Page_Checkout  Casa Bonita/input_billing_postcode'

2018-06-20 15:06:54 - [MESSAGE][PASSED] - Text '42000' is set on object 'Object Repository/Page_Checkout  Casa Bonita/input_billing_postcode'

2018-06-20 15:06:54 - [TEST_STEP][PASSED] - setText: Text '332445155' is set on object 'Object Repository/Page_Checkout  Casa Bonita/input_billing_phone'

2018-06-20 15:06:54 - [MESSAGE][PASSED] - Text '332445155' is set on object 'Object Repository/Page_Checkout  Casa Bonita/input_billing_phone'

2018-06-20 15:06:54 - [TEST_STEP][PASSED] - setText: Text 'avaldez@paystand.com' is set on object 'Object Repository/Page_Checkout  Casa Bonita/input_billing_email'

2018-06-20 15:06:54 - [MESSAGE][PASSED] - Text 'avaldez@paystand.com' is set on object 'Object Repository/Page_Checkout  Casa Bonita/input_billing_email'

2018-06-20 15:06:54 - [TEST_STEP][PASSED] - click: Object: 'Object Repository/Page_Checkout  Casa Bonita/label_PayStand (Credit Card eC' is clicked on

2018-06-20 15:06:54 - [MESSAGE][PASSED] - Object: 'Object Repository/Page_Checkout  Casa Bonita/label_PayStand (Credit Card eC' is clicked on

2018-06-20 15:06:54 - [TEST_STEP][PASSED] - click: Object: 'Object Repository/Page_Checkout  Casa Bonita/button_Pay With Paystand' is clicked on

2018-06-20 15:06:54 - [MESSAGE][PASSED] - Object: 'Object Repository/Page_Checkout  Casa Bonita/button_Pay With Paystand' is clicked on

2018-06-20 15:06:54 - [TEST_STEP][PASSED] - delay: Delayed 15 second(s)

2018-06-20 15:07:09 - [MESSAGE][PASSED] - Delayed 15 second(s)

2018-06-20 15:07:09 - [TEST_STEP][PASSED] - click: Object: 'Object Repository/Page_Checkout  Casa Bonita/button_Card' is clicked on

2018-06-20 15:07:10 - [MESSAGE][PASSED] - Object: 'Object Repository/Page_Checkout  Casa Bonita/button_Card' is clicked on

2018-06-20 15:07:10 - [TEST_STEP][PASSED] - setText: Text '4242 4242 4242 4242' is set on object 'Object Repository/Page_Checkout  Casa Bonita/input_card_number'

2018-06-20 15:07:10 - [MESSAGE][PASSED] - Text '4242 4242 4242 4242' is set on object 'Object Repository/Page_Checkout  Casa Bonita/input_card_number'

2018-06-20 15:07:10 - [TEST_STEP][PASSED] - setText: Text '12 / 21' is set on object 'Object Repository/Page_Checkout  Casa Bonita/input_card_expiry'

2018-06-20 15:07:10 - [MESSAGE][PASSED] - Text '12 / 21' is set on object 'Object Repository/Page_Checkout  Casa Bonita/input_card_expiry'

2018-06-20 15:07:10 - [TEST_STEP][PASSED] - setText: Text '123' is set on object 'Object Repository/Page_Checkout  Casa Bonita/input_card_security_code'

2018-06-20 15:07:11 - [MESSAGE][PASSED] - Text '123' is set on object 'Object Repository/Page_Checkout  Casa Bonita/input_card_security_code'

2018-06-20 15:07:11 - [TEST_STEP][PASSED] - click: Object: 'Object Repository/Page_Checkout  Casa Bonita/button_Enter Billing Informati' is clicked on

2018-06-20 15:07:11 - [MESSAGE][PASSED] - Object: 'Object Repository/Page_Checkout  Casa Bonita/button_Enter Billing Informati' is clicked on

2018-06-20 15:07:11 - [TEST_STEP][PASSED] - setText: Text 'jalisco' is set on object 'Object Repository/Page_Checkout  Casa Bonita/input_address_state'

2018-06-20 15:07:11 - [MESSAGE][PASSED] - Text 'jalisco' is set on object 'Object Repository/Page_Checkout  Casa Bonita/input_address_state'

2018-06-20 15:07:11 - [TEST_STEP][PASSED] - click: Object: 'Object Repository/Page_Checkout  Casa Bonita/span_Jalisco' is clicked on

2018-06-20 15:07:12 - [MESSAGE][PASSED] - Object: 'Object Repository/Page_Checkout  Casa Bonita/span_Jalisco' is clicked on

2018-06-20 15:07:12 - [TEST_STEP][PASSED] - click: Object: 'Object Repository/Page_Checkout  Casa Bonita/button_Pay 30.99 USD' is clicked on

2018-06-20 15:07:12 - [MESSAGE][PASSED] - Object: 'Object Repository/Page_Checkout  Casa Bonita/button_Pay 30.99 USD' is clicked on

2018-06-20 15:07:12 - [TEST_STEP][PASSED] - delay: Delayed 15 second(s)

2018-06-20 15:07:27 - [MESSAGE][PASSED] - Delayed 15 second(s)

2018-06-20 15:07:27 - [TEST_STEP][PASSED] - verifyElementPresent: Object 'Object Repository/Page_Checkout  Casa Bonita/p_Thank you. Your order has be' is present

2018-06-20 15:07:27 - [MESSAGE][WARNING] - Timeout '0' is invalid. Using default page load timeout: '30'

2018-06-20 15:07:28 - [MESSAGE][PASSED] - Object 'Object Repository/Page_Checkout  Casa Bonita/p_Thank you. Your order has be' is present

2018-06-20 15:07:28 - [TEST_STEP][PASSED] - delay: Delayed 10 second(s)

2018-06-20 15:07:38 - [MESSAGE][PASSED] - Delayed 10 second(s)

2018-06-20 15:07:38 - [TEST_STEP][PASSED] - closeBrowser: Browser is closed

2018-06-20 15:07:38 - [MESSAGE][PASSED] - Browser is closed]]></system-out>
         <system-err><![CDATA[]]></system-err>
      </testcase>
      <system-out><![CDATA[2018-06-20 15:06:38 - [TEST_SUITE][PASSED] - LoadTest: Test Cases/Create Order]]></system-out>
      <system-err><![CDATA[]]></system-err>
   </testsuite>
</testsuites>
