<?xml version="1.0" encoding="UTF-8"?>
<testsuites name="Save Tokens" time="86" tests="2" failures="1" errors="0">
   <testsuite name="Save Tokens" tests="2" failures="1" errors="0" time="86" timestamp="2018-06-27 13:41:37" hostname="aldo - 10.2.20.29" id="Test Suites/Save Tokens">
      <properties>
         <property name="deviceName" value=""/>
         <property name="devicePlatform" value=""/>
         <property name="logFolder" value="/Users/aldo/Katalon Studio/Checkout/Reports/Save Tokens/20180627_134136"/>
         <property name="logFiles" value="/Users/aldo/Katalon Studio/Checkout/Reports/Save Tokens/20180627_134136/execution0.log"/>
         <property name="attachments" value="/Users/aldo/Katalon Studio/Checkout/Reports/Save Tokens/20180627_134136/1530124983733.png"/>
         <property name="hostName" value="aldo - 10.2.20.29"/>
         <property name="os" value="Mac OS X 64bit"/>
         <property name="katalonVersion" value="5.4.2.1"/>
         <property name="browser" value="Chrome 67.0.3396.99"/>
         <property name="hostAddress" value="10.2.20.29"/>
         <property name="sessionId" value="34f54a5cd35e9e2c6c3840c6b911361e"/>
         <property name="seleniumVersion" value="3.7.1"/>
         <property name="proxyInformation" value="ProxyInformation{proxyOption=NO_PROXY, proxyServerType=HTTP, password=, proxyServerAddress=, proxyServerPort=0}"/>
         <property name="platform" value="Mac OS X"/>
      </properties>
      <testcase name="Test Cases/Add CC" classname="Test Cases/Add CC" status="PASSED">
         <system-out><![CDATA[2018-06-27 13:41:38 - [TEST_CASE][PASSED] - Test Cases/Add CC: Test Cases/Add CC

2018-06-27 13:41:38 - [TEST_STEP][PASSED] - openBrowser: Browser is opened with url: ''

2018-06-27 13:41:40 - [MESSAGE][PASSED] - Browser is opened with url: ''

2018-06-27 13:41:40 - [TEST_STEP][PASSED] - navigateToUrl: Navigate to 'http://wordpress.paystand.ml/my-account/' successfully

2018-06-27 13:41:41 - [MESSAGE][PASSED] - Navigate to 'http://wordpress.paystand.ml/my-account/' successfully

2018-06-27 13:41:41 - [TEST_STEP][PASSED] - setText: Text 'aldo' is set on object 'Object Repository/Page_My Account  MyWordpress/input_username'

2018-06-27 13:41:41 - [MESSAGE][PASSED] - Text 'aldo' is set on object 'Object Repository/Page_My Account  MyWordpress/input_username'

2018-06-27 13:41:41 - [TEST_STEP][PASSED] - setText: Text '123qaz' is set on object 'Object Repository/Page_My Account  MyWordpress/input_password'

2018-06-27 13:41:41 - [MESSAGE][PASSED] - Text '123qaz' is set on object 'Object Repository/Page_My Account  MyWordpress/input_password'

2018-06-27 13:41:41 - [TEST_STEP][PASSED] - click: Object: 'Object Repository/Page_My Account  MyWordpress/input_login' is clicked on

2018-06-27 13:41:41 - [MESSAGE][PASSED] - Object: 'Object Repository/Page_My Account  MyWordpress/input_login' is clicked on

2018-06-27 13:41:41 - [TEST_STEP][PASSED] - click: Object: 'Object Repository/Page_My Account  MyWordpress/a_Payment methods' is clicked on

2018-06-27 13:41:42 - [MESSAGE][PASSED] - Object: 'Object Repository/Page_My Account  MyWordpress/a_Payment methods' is clicked on

2018-06-27 13:41:42 - [TEST_STEP][PASSED] - click: Object: 'Object Repository/Page_My Account  MyWordpress/a_Add payment method' is clicked on

2018-06-27 13:41:42 - [MESSAGE][PASSED] - Object: 'Object Repository/Page_My Account  MyWordpress/a_Add payment method' is clicked on

2018-06-27 13:41:42 - [TEST_STEP][PASSED] - click: Object: 'Object Repository/Page_My Account  MyWordpress/input_place_order' is clicked on

2018-06-27 13:42:02 - [MESSAGE][PASSED] - Object: 'Object Repository/Page_My Account  MyWordpress/input_place_order' is clicked on

2018-06-27 13:42:02 - [TEST_STEP][PASSED] - setText: Text 'avaldez@paystand.com' is set on object 'Object Repository/Page_My Account  MyWordpress/input_payer_email'

2018-06-27 13:42:04 - [MESSAGE][PASSED] - Text 'avaldez@paystand.com' is set on object 'Object Repository/Page_My Account  MyWordpress/input_payer_email'

2018-06-27 13:42:04 - [TEST_STEP][PASSED] - click: Object: 'Object Repository/Page_My Account  MyWordpress/button_Card' is clicked on

2018-06-27 13:42:05 - [MESSAGE][PASSED] - Object: 'Object Repository/Page_My Account  MyWordpress/button_Card' is clicked on

2018-06-27 13:42:05 - [TEST_STEP][PASSED] - setText: Text 'ALDO' is set on object 'Object Repository/Page_My Account  MyWordpress/input_card_name'

2018-06-27 13:42:05 - [MESSAGE][PASSED] - Text 'ALDO' is set on object 'Object Repository/Page_My Account  MyWordpress/input_card_name'

2018-06-27 13:42:05 - [TEST_STEP][PASSED] - setText: Text '4242 4242 4242 4242' is set on object 'Object Repository/Page_My Account  MyWordpress/input_card_number'

2018-06-27 13:42:05 - [MESSAGE][PASSED] - Text '4242 4242 4242 4242' is set on object 'Object Repository/Page_My Account  MyWordpress/input_card_number'

2018-06-27 13:42:05 - [TEST_STEP][PASSED] - setText: Text '12 / 21' is set on object 'Object Repository/Page_My Account  MyWordpress/input_card_expiry'

2018-06-27 13:42:05 - [MESSAGE][PASSED] - Text '12 / 21' is set on object 'Object Repository/Page_My Account  MyWordpress/input_card_expiry'

2018-06-27 13:42:05 - [TEST_STEP][PASSED] - setText: Text '123' is set on object 'Object Repository/Page_My Account  MyWordpress/input_card_security_code'

2018-06-27 13:42:06 - [MESSAGE][PASSED] - Text '123' is set on object 'Object Repository/Page_My Account  MyWordpress/input_card_security_code'

2018-06-27 13:42:06 - [TEST_STEP][PASSED] - click: Object: 'Object Repository/Page_My Account  MyWordpress/button_Enter Billing Informati' is clicked on

2018-06-27 13:42:06 - [MESSAGE][PASSED] - Object: 'Object Repository/Page_My Account  MyWordpress/button_Enter Billing Informati' is clicked on

2018-06-27 13:42:06 - [TEST_STEP][PASSED] - setText: Text 'street' is set on object 'Object Repository/Page_My Account  MyWordpress/input_address_street'

2018-06-27 13:42:06 - [MESSAGE][PASSED] - Text 'street' is set on object 'Object Repository/Page_My Account  MyWordpress/input_address_street'

2018-06-27 13:42:06 - [TEST_STEP][PASSED] - setText: Text 'guadalajara' is set on object 'Object Repository/Page_My Account  MyWordpress/input_address_city'

2018-06-27 13:42:06 - [MESSAGE][PASSED] - Text 'guadalajara' is set on object 'Object Repository/Page_My Account  MyWordpress/input_address_city'

2018-06-27 13:42:06 - [TEST_STEP][PASSED] - setText: Text '62000' is set on object 'Object Repository/Page_My Account  MyWordpress/input_address_postal'

2018-06-27 13:42:07 - [MESSAGE][PASSED] - Text '62000' is set on object 'Object Repository/Page_My Account  MyWordpress/input_address_postal'

2018-06-27 13:42:07 - [TEST_STEP][PASSED] - click: Object: 'Object Repository/Page_My Account  MyWordpress/input_address_state' is clicked on

2018-06-27 13:42:07 - [MESSAGE][PASSED] - Object: 'Object Repository/Page_My Account  MyWordpress/input_address_state' is clicked on

2018-06-27 13:42:07 - [TEST_STEP][PASSED] - setText: Text 'alabama' is set on object 'Object Repository/Page_My Account  MyWordpress/input_address_state'

2018-06-27 13:42:07 - [MESSAGE][PASSED] - Text 'alabama' is set on object 'Object Repository/Page_My Account  MyWordpress/input_address_state'

2018-06-27 13:42:07 - [TEST_STEP][PASSED] - click: Object: 'Object Repository/Page_My Account  MyWordpress/li_Alabama' is clicked on

2018-06-27 13:42:07 - [MESSAGE][PASSED] - Object: 'Object Repository/Page_My Account  MyWordpress/li_Alabama' is clicked on

2018-06-27 13:42:07 - [TEST_STEP][PASSED] - click: Object: 'Object Repository/Page_My Account  MyWordpress/button_Save  Card For Future P' is clicked on

2018-06-27 13:42:07 - [MESSAGE][PASSED] - Object: 'Object Repository/Page_My Account  MyWordpress/button_Save  Card For Future P' is clicked on

2018-06-27 13:42:07 - [TEST_STEP][PASSED] - click: Object: 'Object Repository/Page_My Account  MyWordpress/a_Logout' is clicked on

2018-06-27 13:42:08 - [MESSAGE][PASSED] - Object: 'Object Repository/Page_My Account  MyWordpress/a_Logout' is clicked on

2018-06-27 13:42:08 - [TEST_STEP][PASSED] - closeBrowser: Browser is closed

2018-06-27 13:42:08 - [MESSAGE][PASSED] - Browser is closed]]></system-out>
         <system-err><![CDATA[]]></system-err>
      </testcase>
      <testcase name="Test Cases/Add ACH" classname="Test Cases/Add ACH" status="PASSED">
         <system-out><![CDATA[2018-06-27 13:42:08 - [TEST_CASE][PASSED] - Test Cases/Add ACH: Test Cases/Add ACH

2018-06-27 13:42:08 - [TEST_STEP][PASSED] - openBrowser: Browser is opened with url: ''

2018-06-27 13:42:09 - [MESSAGE][PASSED] - Browser is opened with url: ''

2018-06-27 13:42:09 - [TEST_STEP][PASSED] - navigateToUrl: Navigate to 'http://wordpress.paystand.ml/my-account/' successfully

2018-06-27 13:42:10 - [MESSAGE][PASSED] - Navigate to 'http://wordpress.paystand.ml/my-account/' successfully

2018-06-27 13:42:10 - [TEST_STEP][PASSED] - setText: Text 'aldo' is set on object 'Object Repository/Page_My Account  MyWordpress (5)/input_username'

2018-06-27 13:42:10 - [MESSAGE][PASSED] - Text 'aldo' is set on object 'Object Repository/Page_My Account  MyWordpress (5)/input_username'

2018-06-27 13:42:10 - [TEST_STEP][PASSED] - setText: Text '123qaz' is set on object 'Object Repository/Page_My Account  MyWordpress (5)/input_password'

2018-06-27 13:42:10 - [MESSAGE][PASSED] - Text '123qaz' is set on object 'Object Repository/Page_My Account  MyWordpress (5)/input_password'

2018-06-27 13:42:10 - [TEST_STEP][PASSED] - click: Object: 'Object Repository/Page_My Account  MyWordpress (5)/input_login' is clicked on

2018-06-27 13:42:10 - [MESSAGE][PASSED] - Object: 'Object Repository/Page_My Account  MyWordpress (5)/input_login' is clicked on

2018-06-27 13:42:10 - [TEST_STEP][PASSED] - click: Object: 'Object Repository/Page_My Account  MyWordpress (5)/a_Payment methods' is clicked on

2018-06-27 13:42:10 - [MESSAGE][PASSED] - Object: 'Object Repository/Page_My Account  MyWordpress (5)/a_Payment methods' is clicked on

2018-06-27 13:42:10 - [TEST_STEP][PASSED] - click: Object: 'Object Repository/Page_My Account  MyWordpress (5)/a_Add payment method' is clicked on

2018-06-27 13:42:11 - [MESSAGE][PASSED] - Object: 'Object Repository/Page_My Account  MyWordpress (5)/a_Add payment method' is clicked on

2018-06-27 13:42:11 - [TEST_STEP][PASSED] - click: Object: 'Object Repository/Page_My Account  MyWordpress (5)/input_place_order' is clicked on

2018-06-27 13:42:13 - [MESSAGE][PASSED] - Object: 'Object Repository/Page_My Account  MyWordpress (5)/input_place_order' is clicked on

2018-06-27 13:42:13 - [TEST_STEP][PASSED] - setText: Text 'aldo@paystand.com' is set on object 'Object Repository/Page_My Account  MyWordpress (5)/input_payer_email'

2018-06-27 13:42:15 - [MESSAGE][PASSED] - Text 'aldo@paystand.com' is set on object 'Object Repository/Page_My Account  MyWordpress (5)/input_payer_email'

2018-06-27 13:42:15 - [TEST_STEP][PASSED] - click: Object: 'Object Repository/Page_My Account  MyWordpress (5)/button_ACH' is clicked on

2018-06-27 13:42:15 - [MESSAGE][PASSED] - Object: 'Object Repository/Page_My Account  MyWordpress (5)/button_ACH' is clicked on

2018-06-27 13:42:15 - [TEST_STEP][PASSED] - setText: Text 'ALDO' is set on object 'Object Repository/Page_My Account  MyWordpress (5)/input_bank_name_on_account'

2018-06-27 13:42:15 - [MESSAGE][PASSED] - Text 'ALDO' is set on object 'Object Repository/Page_My Account  MyWordpress (5)/input_bank_name_on_account'

2018-06-27 13:42:15 - [TEST_STEP][PASSED] - click: Object: 'Object Repository/Page_My Account  MyWordpress (5)/md-select-value_Individual' is clicked on

2018-06-27 13:42:15 - [MESSAGE][PASSED] - Object: 'Object Repository/Page_My Account  MyWordpress (5)/md-select-value_Individual' is clicked on

2018-06-27 13:42:15 - [TEST_STEP][PASSED] - click: Object: 'Object Repository/Page_My Account  MyWordpress (5)/md-option_Individual' is clicked on

2018-06-27 13:42:15 - [MESSAGE][PASSED] - Object: 'Object Repository/Page_My Account  MyWordpress (5)/md-option_Individual' is clicked on

2018-06-27 13:42:15 - [TEST_STEP][PASSED] - setText: Text '110000000' is set on object 'Object Repository/Page_My Account  MyWordpress (5)/input_bank_routing_number'

2018-06-27 13:42:16 - [MESSAGE][PASSED] - Text '110000000' is set on object 'Object Repository/Page_My Account  MyWordpress (5)/input_bank_routing_number'

2018-06-27 13:42:16 - [TEST_STEP][PASSED] - setText: Text '000123456789' is set on object 'Object Repository/Page_My Account  MyWordpress (5)/input_bank_account_number'

2018-06-27 13:42:16 - [MESSAGE][PASSED] - Text '000123456789' is set on object 'Object Repository/Page_My Account  MyWordpress (5)/input_bank_account_number'

2018-06-27 13:42:16 - [TEST_STEP][PASSED] - setText: Text '000123456789' is set on object 'Object Repository/Page_My Account  MyWordpress (5)/input_bank_account_number_repe'

2018-06-27 13:42:16 - [MESSAGE][PASSED] - Text '000123456789' is set on object 'Object Repository/Page_My Account  MyWordpress (5)/input_bank_account_number_repe'

2018-06-27 13:42:16 - [TEST_STEP][PASSED] - click: Object: 'Object Repository/Page_My Account  MyWordpress (5)/button_Enter Billing Informati' is clicked on

2018-06-27 13:42:16 - [MESSAGE][PASSED] - Object: 'Object Repository/Page_My Account  MyWordpress (5)/button_Enter Billing Informati' is clicked on

2018-06-27 13:42:16 - [TEST_STEP][PASSED] - setText: Text 'street' is set on object 'Object Repository/Page_My Account  MyWordpress (5)/input_address_street'

2018-06-27 13:42:17 - [MESSAGE][PASSED] - Text 'street' is set on object 'Object Repository/Page_My Account  MyWordpress (5)/input_address_street'

2018-06-27 13:42:17 - [TEST_STEP][PASSED] - setText: Text 'guadalajara' is set on object 'Object Repository/Page_My Account  MyWordpress (5)/input_address_city'

2018-06-27 13:42:17 - [MESSAGE][PASSED] - Text 'guadalajara' is set on object 'Object Repository/Page_My Account  MyWordpress (5)/input_address_city'

2018-06-27 13:42:17 - [TEST_STEP][PASSED] - setText: Text '62000' is set on object 'Object Repository/Page_My Account  MyWordpress (5)/input_address_postal'

2018-06-27 13:42:17 - [MESSAGE][PASSED] - Text '62000' is set on object 'Object Repository/Page_My Account  MyWordpress (5)/input_address_postal'

2018-06-27 13:42:17 - [TEST_STEP][PASSED] - setText: Text 'Alabama' is set on object 'Object Repository/Page_My Account  MyWordpress (5)/input_address_state'

2018-06-27 13:42:17 - [MESSAGE][PASSED] - Text 'Alabama' is set on object 'Object Repository/Page_My Account  MyWordpress (5)/input_address_state'

2018-06-27 13:42:17 - [TEST_STEP][PASSED] - sendKeys: Keys 'ENTER + ' sent to object: 'Object Repository/Page_My Account  MyWordpress (5)/input_address_state'

2018-06-27 13:42:17 - [MESSAGE][PASSED] - Keys 'ENTER + ' sent to object: 'Object Repository/Page_My Account  MyWordpress (5)/input_address_state'

2018-06-27 13:42:17 - [TEST_STEP][PASSED] - click: Object: 'Object Repository/Page_My Account  MyWordpress (5)/button_Save  Bank For Future P' is clicked on

2018-06-27 13:42:18 - [MESSAGE][PASSED] - Object: 'Object Repository/Page_My Account  MyWordpress (5)/button_Save  Bank For Future P' is clicked on

2018-06-27 13:42:18 - [TEST_STEP][PASSED] - click: Object: 'Object Repository/Page_My Account  MyWordpress (5)/a_Logout' is clicked on

2018-06-27 13:42:18 - [MESSAGE][PASSED] - Object: 'Object Repository/Page_My Account  MyWordpress (5)/a_Logout' is clicked on

2018-06-27 13:42:18 - [TEST_STEP][PASSED] - closeBrowser: Browser is closed

2018-06-27 13:42:18 - [MESSAGE][PASSED] - Browser is closed]]></system-out>
         <system-err><![CDATA[]]></system-err>
      </testcase>
      <testcase name="Test Cases/Add Bank Account" classname="Test Cases/Add Bank Account" status="FAILED">
         <failure type="FAILED" message="Unable to click on object 'Object Repository/Page_My Account  MyWordpress (3)/a_Logout' (Root cause: com.kms.katalon.core.webui.exception.WebElementNotFoundException: Web element with id: 'Object Repository/Page_My Account  MyWordpress (3)/a_Logout' located by 'By.xpath: id(&quot;post-58&quot;)/div[@class=&quot;entry-content&quot;]/div[@class=&quot;woocommerce&quot;]/nav[@class=&quot;woocommerce-MyAccount-navigation&quot;]/ul[1]/li[@class=&quot;woocommerce-MyAccount-navigation-link woocommerce-MyAccount-navigation-link--customer-logout&quot;]/a[1]' not found)"/>
         <system-out><![CDATA[2018-06-27 13:42:18 - [TEST_CASE][FAILED] - Test Cases/Add Bank Account: Test Cases/Add Bank Account FAILED because (of) Unable to click on object 'Object Repository/Page_My Account  MyWordpress (3)/a_Logout' (Root cause: com.kms.katalon.core.webui.exception.WebElementNotFoundException: Web element with id: 'Object Repository/Page_My Account  MyWordpress (3)/a_Logout' located by 'By.xpath: id("post-58")/div[@class="entry-content"]/div[@class="woocommerce"]/nav[@class="woocommerce-MyAccount-navigation"]/ul[1]/li[@class="woocommerce-MyAccount-navigation-link woocommerce-MyAccount-navigation-link--customer-logout"]/a[1]' not found)

2018-06-27 13:42:18 - [TEST_STEP][PASSED] - openBrowser: Browser is opened with url: ''

2018-06-27 13:42:19 - [MESSAGE][PASSED] - Browser is opened with url: ''

2018-06-27 13:42:19 - [TEST_STEP][PASSED] - navigateToUrl: Navigate to 'http://wordpress.paystand.ml/my-account/' successfully

2018-06-27 13:42:20 - [MESSAGE][PASSED] - Navigate to 'http://wordpress.paystand.ml/my-account/' successfully

2018-06-27 13:42:20 - [TEST_STEP][PASSED] - setText: Text 'aldo' is set on object 'Object Repository/Page_My Account  MyWordpress (4)/input_username'

2018-06-27 13:42:20 - [MESSAGE][PASSED] - Text 'aldo' is set on object 'Object Repository/Page_My Account  MyWordpress (4)/input_username'

2018-06-27 13:42:20 - [TEST_STEP][PASSED] - setText: Text '123qaz' is set on object 'Object Repository/Page_My Account  MyWordpress (3)/input_password'

2018-06-27 13:42:20 - [MESSAGE][PASSED] - Text '123qaz' is set on object 'Object Repository/Page_My Account  MyWordpress (3)/input_password'

2018-06-27 13:42:20 - [TEST_STEP][PASSED] - sendKeys: Keys 'ENTER + ' sent to object: 'Object Repository/Page_My Account  MyWordpress (3)/input_login'

2018-06-27 13:42:20 - [MESSAGE][PASSED] - Keys 'ENTER + ' sent to object: 'Object Repository/Page_My Account  MyWordpress (3)/input_login'

2018-06-27 13:42:20 - [TEST_STEP][PASSED] - click: Object: 'Object Repository/Page_My Account  MyWordpress (3)/a_Payment methods' is clicked on

2018-06-27 13:42:21 - [MESSAGE][PASSED] - Object: 'Object Repository/Page_My Account  MyWordpress (3)/a_Payment methods' is clicked on

2018-06-27 13:42:21 - [TEST_STEP][PASSED] - click: Object: 'Object Repository/Page_My Account  MyWordpress (3)/a_Add payment method' is clicked on

2018-06-27 13:42:21 - [MESSAGE][PASSED] - Object: 'Object Repository/Page_My Account  MyWordpress (3)/a_Add payment method' is clicked on

2018-06-27 13:42:21 - [TEST_STEP][PASSED] - click: Object: 'Object Repository/Page_My Account  MyWordpress (3)/input_place_order' is clicked on

2018-06-27 13:42:23 - [MESSAGE][PASSED] - Object: 'Object Repository/Page_My Account  MyWordpress (3)/input_place_order' is clicked on

2018-06-27 13:42:23 - [TEST_STEP][PASSED] - setText: Text 'aldo@pays.com' is set on object 'Object Repository/Page_My Account  MyWordpress (3)/input_payer_email'

2018-06-27 13:42:24 - [MESSAGE][PASSED] - Text 'aldo@pays.com' is set on object 'Object Repository/Page_My Account  MyWordpress (3)/input_payer_email'

2018-06-27 13:42:24 - [TEST_STEP][PASSED] - click: Object: 'Object Repository/Page_My Account  MyWordpress (3)/div_logo-link  bofa-link' is clicked on

2018-06-27 13:42:25 - [MESSAGE][PASSED] - Object: 'Object Repository/Page_My Account  MyWordpress (3)/div_logo-link  bofa-link' is clicked on

2018-06-27 13:42:25 - [TEST_STEP][PASSED] - setText: Text 'paystand_test' is set on object 'Object Repository/Page_My Account  MyWordpress (3)/input_login_username'

2018-06-27 13:42:25 - [MESSAGE][PASSED] - Text 'paystand_test' is set on object 'Object Repository/Page_My Account  MyWordpress (3)/input_login_username'

2018-06-27 13:42:25 - [TEST_STEP][PASSED] - setText: Text 'paystand_good' is set on object 'Object Repository/Page_My Account  MyWordpress (3)/input_login_password'

2018-06-27 13:42:25 - [MESSAGE][PASSED] - Text 'paystand_good' is set on object 'Object Repository/Page_My Account  MyWordpress (3)/input_login_password'

2018-06-27 13:42:25 - [TEST_STEP][PASSED] - sendKeys: Keys 'ENTER + ' sent to object: 'Object Repository/Page_My Account  MyWordpress (3)/button_Secure Login'

2018-06-27 13:42:25 - [MESSAGE][PASSED] - Keys 'ENTER + ' sent to object: 'Object Repository/Page_My Account  MyWordpress (3)/button_Secure Login'

2018-06-27 13:42:25 - [TEST_STEP][PASSED] - setText: Text 'tomato' is set on object 'Object Repository/Page_My Account  MyWordpress (3)/input_mfa_answer_'

2018-06-27 13:42:28 - [MESSAGE][PASSED] - Text 'tomato' is set on object 'Object Repository/Page_My Account  MyWordpress (3)/input_mfa_answer_'

2018-06-27 13:42:28 - [TEST_STEP][PASSED] - sendKeys: Keys 'ENTER + ' sent to object: 'Object Repository/Page_My Account  MyWordpress (3)/button_Submit Answers'

2018-06-27 13:42:28 - [MESSAGE][PASSED] - Keys 'ENTER + ' sent to object: 'Object Repository/Page_My Account  MyWordpress (3)/button_Submit Answers'

2018-06-27 13:42:28 - [TEST_STEP][PASSED] - setText: Text 'aldo' is set on object 'Object Repository/Page_My Account  MyWordpress (3)/input_mfa_answer_nameOnAccount'

2018-06-27 13:42:29 - [MESSAGE][PASSED] - Text 'aldo' is set on object 'Object Repository/Page_My Account  MyWordpress (3)/input_mfa_answer_nameOnAccount'

2018-06-27 13:42:29 - [TEST_STEP][PASSED] - click: Object: 'Object Repository/Page_My Account  MyWordpress (3)/Page_My Account  MyWordpress/md-select_mfa_answer_accountHo' is clicked on

2018-06-27 13:42:29 - [MESSAGE][PASSED] - Object: 'Object Repository/Page_My Account  MyWordpress (3)/Page_My Account  MyWordpress/md-select_mfa_answer_accountHo' is clicked on

2018-06-27 13:42:29 - [TEST_STEP][PASSED] - click: Object: 'Object Repository/Page_My Account  MyWordpress (3)/md-option_individual' is clicked on

2018-06-27 13:42:29 - [MESSAGE][PASSED] - Object: 'Object Repository/Page_My Account  MyWordpress (3)/md-option_individual' is clicked on

2018-06-27 13:42:29 - [TEST_STEP][PASSED] - sendKeys: Keys 'ENTER + ' sent to object: 'Object Repository/Page_My Account  MyWordpress (3)/button_Submit Answers'

2018-06-27 13:42:29 - [MESSAGE][PASSED] - Keys 'ENTER + ' sent to object: 'Object Repository/Page_My Account  MyWordpress (3)/button_Submit Answers'

2018-06-27 13:42:29 - [TEST_STEP][PASSED] - click: Object: 'Object Repository/Page_My Account  MyWordpress (3)/div_md-off' is clicked on

2018-06-27 13:42:30 - [MESSAGE][PASSED] - Object: 'Object Repository/Page_My Account  MyWordpress (3)/div_md-off' is clicked on

2018-06-27 13:42:30 - [TEST_STEP][PASSED] - click: Object: 'Object Repository/Page_My Account  MyWordpress (3)/button_Select Fund' is clicked on

2018-06-27 13:42:31 - [MESSAGE][PASSED] - Object: 'Object Repository/Page_My Account  MyWordpress (3)/button_Select Fund' is clicked on

2018-06-27 13:42:31 - [TEST_STEP][PASSED] - doubleClick: Object: 'Object Repository/Page_My Account  MyWordpress (3)/input_address_street' is double clicked on

2018-06-27 13:42:31 - [MESSAGE][PASSED] - Object: 'Object Repository/Page_My Account  MyWordpress (3)/input_address_street' is double clicked on

2018-06-27 13:42:31 - [TEST_STEP][PASSED] - setText: Text 'street' is set on object 'Object Repository/Page_My Account  MyWordpress (3)/input_address_street'

2018-06-27 13:42:31 - [MESSAGE][PASSED] - Text 'street' is set on object 'Object Repository/Page_My Account  MyWordpress (3)/input_address_street'

2018-06-27 13:42:31 - [TEST_STEP][PASSED] - setText: Text 'guadalajara' is set on object 'Object Repository/Page_My Account  MyWordpress (3)/input_address_city'

2018-06-27 13:42:31 - [MESSAGE][PASSED] - Text 'guadalajara' is set on object 'Object Repository/Page_My Account  MyWordpress (3)/input_address_city'

2018-06-27 13:42:31 - [TEST_STEP][PASSED] - setText: Text '62000' is set on object 'Object Repository/Page_My Account  MyWordpress (3)/input_address_postal'

2018-06-27 13:42:31 - [MESSAGE][PASSED] - Text '62000' is set on object 'Object Repository/Page_My Account  MyWordpress (3)/input_address_postal'

2018-06-27 13:42:31 - [TEST_STEP][PASSED] - setText: Text 'Alabama' is set on object 'Object Repository/Page_My Account  MyWordpress (3)/input_address_state'

2018-06-27 13:42:32 - [MESSAGE][PASSED] - Text 'Alabama' is set on object 'Object Repository/Page_My Account  MyWordpress (3)/input_address_state'

2018-06-27 13:42:32 - [TEST_STEP][PASSED] - click: Object: 'Object Repository/Page_My Account  MyWordpress (3)/button_Save  Bank For Future P' is clicked on

2018-06-27 13:42:32 - [MESSAGE][PASSED] - Object: 'Object Repository/Page_My Account  MyWordpress (3)/button_Save  Bank For Future P' is clicked on

2018-06-27 13:42:32 - [TEST_STEP][FAILED] - click: Unable to click on object 'Object Repository/Page_My Account  MyWordpress (3)/a_Logout' (Root cause: com.kms.katalon.core.webui.exception.WebElementNotFoundException: Web element with id: 'Object Repository/Page_My Account  MyWordpress (3)/a_Logout' located by 'By.xpath: id("post-58")/div[@class="entry-content"]/div[@class="woocommerce"]/nav[@class="woocommerce-MyAccount-navigation"]/ul[1]/li[@class="woocommerce-MyAccount-navigation-link woocommerce-MyAccount-navigation-link--customer-logout"]/a[1]' not found)

2018-06-27 13:43:04 - [MESSAGE][FAILED] - Unable to click on object 'Object Repository/Page_My Account  MyWordpress (3)/a_Logout' (Root cause: com.kms.katalon.core.webui.exception.WebElementNotFoundException: Web element with id: 'Object Repository/Page_My Account  MyWordpress (3)/a_Logout' located by 'By.xpath: id("post-58")/div[@class="entry-content"]/div[@class="woocommerce"]/nav[@class="woocommerce-MyAccount-navigation"]/ul[1]/li[@class="woocommerce-MyAccount-navigation-link woocommerce-MyAccount-navigation-link--customer-logout"]/a[1]' not found)
[[ATTACHMENT|/Users/aldo/Katalon Studio/Checkout/Reports/Save Tokens/20180627_134136/1530124983733.png]]]]></system-out>
         <system-err><![CDATA[2018-06-27 13:42:18 - [TEST_CASE][FAILED] - Test Cases/Add Bank Account: Test Cases/Add Bank Account FAILED because (of) Unable to click on object 'Object Repository/Page_My Account  MyWordpress (3)/a_Logout' (Root cause: com.kms.katalon.core.webui.exception.WebElementNotFoundException: Web element with id: 'Object Repository/Page_My Account  MyWordpress (3)/a_Logout' located by 'By.xpath: id("post-58")/div[@class="entry-content"]/div[@class="woocommerce"]/nav[@class="woocommerce-MyAccount-navigation"]/ul[1]/li[@class="woocommerce-MyAccount-navigation-link woocommerce-MyAccount-navigation-link--customer-logout"]/a[1]' not found)]]></system-err>
      </testcase>
      <system-out><![CDATA[2018-06-27 13:41:37 - [TEST_SUITE][FAILED] - Save Tokens: Test Cases/Add Bank Account FAILED because (of) Unable to click on object 'Object Repository/Page_My Account  MyWordpress (3)/a_Logout' (Root cause: com.kms.katalon.core.webui.exception.WebElementNotFoundException: Web element with id: 'Object Repository/Page_My Account  MyWordpress (3)/a_Logout' located by 'By.xpath: id("post-58")/div[@class="entry-content"]/div[@class="woocommerce"]/nav[@class="woocommerce-MyAccount-navigation"]/ul[1]/li[@class="woocommerce-MyAccount-navigation-link woocommerce-MyAccount-navigation-link--customer-logout"]/a[1]' not found)]]></system-out>
      <system-err><![CDATA[2018-06-27 13:41:37 - [TEST_SUITE][FAILED] - Save Tokens: Test Cases/Add Bank Account FAILED because (of) Unable to click on object 'Object Repository/Page_My Account  MyWordpress (3)/a_Logout' (Root cause: com.kms.katalon.core.webui.exception.WebElementNotFoundException: Web element with id: 'Object Repository/Page_My Account  MyWordpress (3)/a_Logout' located by 'By.xpath: id("post-58")/div[@class="entry-content"]/div[@class="woocommerce"]/nav[@class="woocommerce-MyAccount-navigation"]/ul[1]/li[@class="woocommerce-MyAccount-navigation-link woocommerce-MyAccount-navigation-link--customer-logout"]/a[1]' not found)]]></system-err>
   </testsuite>
</testsuites>
