<?xml version="1.0" encoding="UTF-8"?>
<testsuites name="Save Tokens" time="102" tests="0" failures="3" errors="0">
   <testsuite name="Save Tokens" tests="0" failures="3" errors="0" time="102" timestamp="2018-06-27 13:17:14" hostname="aldo - 10.2.20.29" id="Test Suites/Save Tokens">
      <properties>
         <property name="deviceName" value=""/>
         <property name="devicePlatform" value=""/>
         <property name="logFolder" value="/Users/aldo/Katalon Studio/Checkout/Reports/Save Tokens/20180627_131713"/>
         <property name="logFiles" value="/Users/aldo/Katalon Studio/Checkout/Reports/Save Tokens/20180627_131713/execution0.log"/>
         <property name="attachments" value="/Users/aldo/Katalon Studio/Checkout/Reports/Save Tokens/20180627_131713/1530123469917.png, /Users/aldo/Katalon Studio/Checkout/Reports/Save Tokens/20180627_131713/1530123503083.png, /Users/aldo/Katalon Studio/Checkout/Reports/Save Tokens/20180627_131713/1530123536462.png"/>
         <property name="hostName" value="aldo - 10.2.20.29"/>
         <property name="os" value="Mac OS X 64bit"/>
         <property name="katalonVersion" value="5.4.2.1"/>
         <property name="browser" value="Chrome 67.0.3396.99"/>
         <property name="hostAddress" value="10.2.20.29"/>
         <property name="sessionId" value="f5ed0839453104b09138724ece539fcd"/>
         <property name="seleniumVersion" value="3.7.1"/>
         <property name="proxyInformation" value="ProxyInformation{proxyOption=NO_PROXY, proxyServerType=HTTP, password=, proxyServerAddress=, proxyServerPort=0}"/>
         <property name="platform" value="Mac OS X"/>
      </properties>
      <testcase name="Test Cases/Add CC" classname="Test Cases/Add CC" status="FAILED">
         <failure type="FAILED" message="Unable to click on object 'Object Repository/Page_My Account  MyWordpress/input_login' (Root cause: com.kms.katalon.core.webui.exception.WebElementNotFoundException: Web element with id: 'Object Repository/Page_My Account  MyWordpress/input_login' located by 'By.xpath: //input[@type = 'submit' and @name = 'login']' not found)"/>
         <system-out><![CDATA[2018-06-27 13:17:14 - [TEST_CASE][FAILED] - Test Cases/Add CC: Test Cases/Add CC FAILED because (of) Unable to click on object 'Object Repository/Page_My Account  MyWordpress/input_login' (Root cause: com.kms.katalon.core.webui.exception.WebElementNotFoundException: Web element with id: 'Object Repository/Page_My Account  MyWordpress/input_login' located by 'By.xpath: //input[@type = 'submit' and @name = 'login']' not found)

2018-06-27 13:17:15 - [TEST_STEP][PASSED] - openBrowser: Browser is opened with url: ''

2018-06-27 13:17:17 - [MESSAGE][PASSED] - Browser is opened with url: ''

2018-06-27 13:17:17 - [TEST_STEP][PASSED] - navigateToUrl: Navigate to 'http://wordpress.paystand.ml/my-account/' successfully

2018-06-27 13:17:18 - [MESSAGE][PASSED] - Navigate to 'http://wordpress.paystand.ml/my-account/' successfully

2018-06-27 13:17:18 - [TEST_STEP][PASSED] - setText: Text 'aldo' is set on object 'Object Repository/Page_My Account  MyWordpress/input_username'

2018-06-27 13:17:18 - [MESSAGE][PASSED] - Text 'aldo' is set on object 'Object Repository/Page_My Account  MyWordpress/input_username'

2018-06-27 13:17:18 - [TEST_STEP][PASSED] - setText: Text '123qaz' is set on object 'Object Repository/Page_My Account  MyWordpress/input_password'

2018-06-27 13:17:18 - [MESSAGE][PASSED] - Text '123qaz' is set on object 'Object Repository/Page_My Account  MyWordpress/input_password'

2018-06-27 13:17:18 - [TEST_STEP][FAILED] - click: Unable to click on object 'Object Repository/Page_My Account  MyWordpress/input_login' (Root cause: com.kms.katalon.core.webui.exception.WebElementNotFoundException: Web element with id: 'Object Repository/Page_My Account  MyWordpress/input_login' located by 'By.xpath: //input[@type = 'submit' and @name = 'login']' not found)

2018-06-27 13:17:50 - [MESSAGE][FAILED] - Unable to click on object 'Object Repository/Page_My Account  MyWordpress/input_login' (Root cause: com.kms.katalon.core.webui.exception.WebElementNotFoundException: Web element with id: 'Object Repository/Page_My Account  MyWordpress/input_login' located by 'By.xpath: //input[@type = 'submit' and @name = 'login']' not found)
[[ATTACHMENT|/Users/aldo/Katalon Studio/Checkout/Reports/Save Tokens/20180627_131713/1530123469917.png]]]]></system-out>
         <system-err><![CDATA[2018-06-27 13:17:14 - [TEST_CASE][FAILED] - Test Cases/Add CC: Test Cases/Add CC FAILED because (of) Unable to click on object 'Object Repository/Page_My Account  MyWordpress/input_login' (Root cause: com.kms.katalon.core.webui.exception.WebElementNotFoundException: Web element with id: 'Object Repository/Page_My Account  MyWordpress/input_login' located by 'By.xpath: //input[@type = 'submit' and @name = 'login']' not found)]]></system-err>
      </testcase>
      <testcase name="Test Cases/Add ACH" classname="Test Cases/Add ACH" status="FAILED">
         <failure type="FAILED" message="Unable to click on object 'Object Repository/Page_My Account  MyWordpress (5)/input_login' (Root cause: com.kms.katalon.core.webui.exception.WebElementNotFoundException: Web element with id: 'Object Repository/Page_My Account  MyWordpress (5)/input_login' located by 'By.xpath: //input[@type = 'submit' and @name = 'login']' not found)"/>
         <system-out><![CDATA[2018-06-27 13:17:50 - [TEST_CASE][FAILED] - Test Cases/Add ACH: Test Cases/Add ACH FAILED because (of) Unable to click on object 'Object Repository/Page_My Account  MyWordpress (5)/input_login' (Root cause: com.kms.katalon.core.webui.exception.WebElementNotFoundException: Web element with id: 'Object Repository/Page_My Account  MyWordpress (5)/input_login' located by 'By.xpath: //input[@type = 'submit' and @name = 'login']' not found)

2018-06-27 13:17:50 - [TEST_STEP][PASSED] - openBrowser: Browser is opened with url: ''

2018-06-27 13:17:50 - [MESSAGE][WARNING] - A browser is already opened. Closing browser and opening a new one

2018-06-27 13:17:51 - [MESSAGE][PASSED] - Browser is opened with url: ''

2018-06-27 13:17:51 - [TEST_STEP][PASSED] - navigateToUrl: Navigate to 'http://wordpress.paystand.ml/my-account/' successfully

2018-06-27 13:17:52 - [MESSAGE][PASSED] - Navigate to 'http://wordpress.paystand.ml/my-account/' successfully

2018-06-27 13:17:52 - [TEST_STEP][PASSED] - setText: Text 'aldo' is set on object 'Object Repository/Page_My Account  MyWordpress (5)/input_username'

2018-06-27 13:17:52 - [MESSAGE][PASSED] - Text 'aldo' is set on object 'Object Repository/Page_My Account  MyWordpress (5)/input_username'

2018-06-27 13:17:52 - [TEST_STEP][PASSED] - setText: Text '123qaz' is set on object 'Object Repository/Page_My Account  MyWordpress (5)/input_password'

2018-06-27 13:17:52 - [MESSAGE][PASSED] - Text '123qaz' is set on object 'Object Repository/Page_My Account  MyWordpress (5)/input_password'

2018-06-27 13:17:52 - [TEST_STEP][FAILED] - click: Unable to click on object 'Object Repository/Page_My Account  MyWordpress (5)/input_login' (Root cause: com.kms.katalon.core.webui.exception.WebElementNotFoundException: Web element with id: 'Object Repository/Page_My Account  MyWordpress (5)/input_login' located by 'By.xpath: //input[@type = 'submit' and @name = 'login']' not found)

2018-06-27 13:18:23 - [MESSAGE][FAILED] - Unable to click on object 'Object Repository/Page_My Account  MyWordpress (5)/input_login' (Root cause: com.kms.katalon.core.webui.exception.WebElementNotFoundException: Web element with id: 'Object Repository/Page_My Account  MyWordpress (5)/input_login' located by 'By.xpath: //input[@type = 'submit' and @name = 'login']' not found)
[[ATTACHMENT|/Users/aldo/Katalon Studio/Checkout/Reports/Save Tokens/20180627_131713/1530123503083.png]]]]></system-out>
         <system-err><![CDATA[2018-06-27 13:17:50 - [TEST_CASE][FAILED] - Test Cases/Add ACH: Test Cases/Add ACH FAILED because (of) Unable to click on object 'Object Repository/Page_My Account  MyWordpress (5)/input_login' (Root cause: com.kms.katalon.core.webui.exception.WebElementNotFoundException: Web element with id: 'Object Repository/Page_My Account  MyWordpress (5)/input_login' located by 'By.xpath: //input[@type = 'submit' and @name = 'login']' not found)]]></system-err>
      </testcase>
      <testcase name="Test Cases/Add Bank Account" classname="Test Cases/Add Bank Account" status="FAILED">
         <failure type="FAILED" message="Unable to send keys '' to object 'Object Repository/Page_My Account  MyWordpress (3)/input_login' (Root cause: com.kms.katalon.core.webui.exception.WebElementNotFoundException: Web element with id: 'Object Repository/Page_My Account  MyWordpress (3)/input_login' located by 'By.xpath: //input[@type = 'submit' and @name = 'login']' not found)"/>
         <system-out><![CDATA[2018-06-27 13:18:23 - [TEST_CASE][FAILED] - Test Cases/Add Bank Account: Test Cases/Add Bank Account FAILED because (of) Unable to send keys '' to object 'Object Repository/Page_My Account  MyWordpress (3)/input_login' (Root cause: com.kms.katalon.core.webui.exception.WebElementNotFoundException: Web element with id: 'Object Repository/Page_My Account  MyWordpress (3)/input_login' located by 'By.xpath: //input[@type = 'submit' and @name = 'login']' not found)

2018-06-27 13:18:23 - [TEST_STEP][PASSED] - openBrowser: Browser is opened with url: ''

2018-06-27 13:18:23 - [MESSAGE][WARNING] - A browser is already opened. Closing browser and opening a new one

2018-06-27 13:18:24 - [MESSAGE][PASSED] - Browser is opened with url: ''

2018-06-27 13:18:24 - [TEST_STEP][PASSED] - navigateToUrl: Navigate to 'http://wordpress.paystand.ml/my-account/' successfully

2018-06-27 13:18:25 - [MESSAGE][PASSED] - Navigate to 'http://wordpress.paystand.ml/my-account/' successfully

2018-06-27 13:18:25 - [TEST_STEP][PASSED] - setText: Text 'aldo' is set on object 'Object Repository/Page_My Account  MyWordpress (4)/input_username'

2018-06-27 13:18:25 - [MESSAGE][PASSED] - Text 'aldo' is set on object 'Object Repository/Page_My Account  MyWordpress (4)/input_username'

2018-06-27 13:18:25 - [TEST_STEP][PASSED] - setText: Text '123qaz' is set on object 'Object Repository/Page_My Account  MyWordpress (3)/input_password'

2018-06-27 13:18:25 - [MESSAGE][PASSED] - Text '123qaz' is set on object 'Object Repository/Page_My Account  MyWordpress (3)/input_password'

2018-06-27 13:18:25 - [TEST_STEP][FAILED] - sendKeys: Unable to send keys '' to object 'Object Repository/Page_My Account  MyWordpress (3)/input_login' (Root cause: com.kms.katalon.core.webui.exception.WebElementNotFoundException: Web element with id: 'Object Repository/Page_My Account  MyWordpress (3)/input_login' located by 'By.xpath: //input[@type = 'submit' and @name = 'login']' not found)

2018-06-27 13:18:57 - [MESSAGE][FAILED] - Unable to send keys '' to object 'Object Repository/Page_My Account  MyWordpress (3)/input_login' (Root cause: com.kms.katalon.core.webui.exception.WebElementNotFoundException: Web element with id: 'Object Repository/Page_My Account  MyWordpress (3)/input_login' located by 'By.xpath: //input[@type = 'submit' and @name = 'login']' not found)
[[ATTACHMENT|/Users/aldo/Katalon Studio/Checkout/Reports/Save Tokens/20180627_131713/1530123536462.png]]]]></system-out>
         <system-err><![CDATA[2018-06-27 13:18:23 - [TEST_CASE][FAILED] - Test Cases/Add Bank Account: Test Cases/Add Bank Account FAILED because (of) Unable to send keys '' to object 'Object Repository/Page_My Account  MyWordpress (3)/input_login' (Root cause: com.kms.katalon.core.webui.exception.WebElementNotFoundException: Web element with id: 'Object Repository/Page_My Account  MyWordpress (3)/input_login' located by 'By.xpath: //input[@type = 'submit' and @name = 'login']' not found)]]></system-err>
      </testcase>
      <system-out><![CDATA[2018-06-27 13:17:14 - [TEST_SUITE][FAILED] - Save Tokens: Test Cases/Add CC FAILED because (of) Unable to click on object 'Object Repository/Page_My Account  MyWordpress/input_login' (Root cause: com.kms.katalon.core.webui.exception.WebElementNotFoundException: Web element with id: 'Object Repository/Page_My Account  MyWordpress/input_login' located by 'By.xpath: //input[@type = 'submit' and @name = 'login']' not found)]]></system-out>
      <system-err><![CDATA[2018-06-27 13:17:14 - [TEST_SUITE][FAILED] - Save Tokens: Test Cases/Add CC FAILED because (of) Unable to click on object 'Object Repository/Page_My Account  MyWordpress/input_login' (Root cause: com.kms.katalon.core.webui.exception.WebElementNotFoundException: Web element with id: 'Object Repository/Page_My Account  MyWordpress/input_login' located by 'By.xpath: //input[@type = 'submit' and @name = 'login']' not found)]]></system-err>
   </testsuite>
</testsuites>
